2025-11-23T13:16:25.484+07:00  INFO 37684 --- [home-express-api] [restartedMain] c.h.h.HomeExpressApiApplication          : Starting HomeExpressApiApplication using Java 21.0.8 with PID 37684 (F:\home-express-project\home-express-api\target\classes started by quana in F:\home-express-project\home-express-api)
2025-11-23T13:16:25.488+07:00 DEBUG 37684 --- [home-express-api] [restartedMain] c.h.h.HomeExpressApiApplication          : Running with Spring Boot v3.5.8, Spring v6.2.14
2025-11-23T13:16:25.489+07:00  INFO 37684 --- [home-express-api] [restartedMain] c.h.h.HomeExpressApiApplication          : No active profile set, falling back to 1 default profile: "default"
2025-11-23T13:16:25.526+07:00  INFO 37684 --- [home-express-api] [restartedMain] .e.DevToolsPropertyDefaultsPostProcessor : Devtools property defaults active! Set 'spring.devtools.add-properties' to 'false' to disable
2025-11-23T13:16:25.529+07:00  INFO 37684 --- [home-express-api] [restartedMain] .e.DevToolsPropertyDefaultsPostProcessor : For additional web related logging consider setting the 'logging.level.web' property to 'DEBUG'
2025-11-23T13:16:26.725+07:00  INFO 37684 --- [home-express-api] [restartedMain] .s.d.r.c.RepositoryConfigurationDelegate : Multiple Spring Data modules found, entering strict repository configuration mode
2025-11-23T13:16:26.726+07:00  INFO 37684 --- [home-express-api] [restartedMain] .s.d.r.c.RepositoryConfigurationDelegate : Bootstrapping Spring Data JPA repositories in DEFAULT mode.
2025-11-23T13:16:26.952+07:00  INFO 37684 --- [home-express-api] [restartedMain] .s.d.r.c.RepositoryConfigurationDelegate : Finished Spring Data repository scanning in 219 ms. Found 46 JPA repository interfaces.
2025-11-23T13:16:27.811+07:00  INFO 37684 --- [home-express-api] [restartedMain] o.s.b.w.embedded.tomcat.TomcatWebServer  : Tomcat initialized with port 8084 (http)
2025-11-23T13:16:27.824+07:00  INFO 37684 --- [home-express-api] [restartedMain] o.apache.catalina.core.StandardService   : Starting service [Tomcat]
2025-11-23T13:16:27.824+07:00  INFO 37684 --- [home-express-api] [restartedMain] o.apache.catalina.core.StandardEngine    : Starting Servlet engine: [Apache Tomcat/10.1.49]
2025-11-23T13:16:27.872+07:00  INFO 37684 --- [home-express-api] [restartedMain] o.a.c.c.C.[Tomcat].[localhost].[/]       : Initializing Spring embedded WebApplicationContext
2025-11-23T13:16:27.872+07:00  INFO 37684 --- [home-express-api] [restartedMain] w.s.c.ServletWebServerApplicationContext : Root WebApplicationContext: initialization completed in 2342 ms
2025-11-23T13:16:28.129+07:00 DEBUG 37684 --- [home-express-api] [restartedMain] c.h.h.config.JwtAuthenticationFilter     : Filter 'jwtAuthenticationFilter' configured for use
2025-11-23T13:16:28.369+07:00  INFO 37684 --- [home-express-api] [restartedMain] com.zaxxer.hikari.HikariDataSource       : HikariPool-1 - Starting...
2025-11-23T13:16:28.621+07:00  INFO 37684 --- [home-express-api] [restartedMain] com.zaxxer.hikari.pool.HikariPool        : HikariPool-1 - Added connection com.mysql.cj.jdbc.ConnectionImpl@7d2dc890
2025-11-23T13:16:28.623+07:00  INFO 37684 --- [home-express-api] [restartedMain] com.zaxxer.hikari.HikariDataSource       : HikariPool-1 - Start completed.
2025-11-23T13:16:28.661+07:00  INFO 37684 --- [home-express-api] [restartedMain] org.flywaydb.core.FlywayExecutor         : Database: jdbc:mysql://localhost:3306/home_express?useSSL=false&serverTimezone=Asia/Ho_Chi_Minh (MySQL 8.0)
2025-11-23T13:16:29.099+07:00  WARN 37684 --- [home-express-api] [restartedMain] ConfigServletWebServerApplicationContext : Exception encountered during context initialization - cancelling refresh attempt: org.springframework.beans.factory.BeanCreationException: Error creating bean with name 'entityManagerFactory' defined in class path resource [org/springframework/boot/autoconfigure/orm/jpa/HibernateJpaConfiguration.class]: Failed to initialize dependency 'flywayInitializer' of LoadTimeWeaverAware bean 'entityManagerFactory': Error creating bean with name 'flywayInitializer' defined in class path resource [org/springframework/boot/autoconfigure/flyway/FlywayAutoConfiguration$FlywayConfiguration.class]: Validate failed: Migrations have failed validation
Migration checksum mismatch for migration version 2
-> Applied to database : 461566837
-> Resolved locally    : -796883555
Either revert the changes to the migration, or run repair to update the schema history.
Need more flexibility with validation rules? Learn more: https://rd.gt/3AbJUZE
2025-11-23T13:16:29.100+07:00  INFO 37684 --- [home-express-api] [restartedMain] com.zaxxer.hikari.HikariDataSource       : HikariPool-1 - Shutdown initiated...
2025-11-23T13:16:29.105+07:00  INFO 37684 --- [home-express-api] [restartedMain] com.zaxxer.hikari.HikariDataSource       : HikariPool-1 - Shutdown completed.
2025-11-23T13:16:29.110+07:00  INFO 37684 --- [home-express-api] [restartedMain] o.apache.catalina.core.StandardService   : Stopping service [Tomcat]
2025-11-23T13:16:29.124+07:00  INFO 37684 --- [home-express-api] [restartedMain] .s.b.a.l.ConditionEvaluationReportLogger : 

Error starting ApplicationContext. To display the condition evaluation report re-run your application with 'debug' enabled.
2025-11-23T13:16:29.143+07:00 ERROR 37684 --- [home-express-api] [restartedMain] o.s.boot.SpringApplication               : Application run failed

org.springframework.beans.factory.BeanCreationException: Error creating bean with name 'entityManagerFactory' defined in class path resource [org/springframework/boot/autoconfigure/orm/jpa/HibernateJpaConfiguration.class]: Failed to initialize dependency 'flywayInitializer' of LoadTimeWeaverAware bean 'entityManagerFactory': Error creating bean with name 'flywayInitializer' defined in class path resource [org/springframework/boot/autoconfigure/flyway/FlywayAutoConfiguration$FlywayConfiguration.class]: Validate failed: Migrations have failed validation
Migration checksum mismatch for migration version 2
-> Applied to database : 461566837
-> Resolved locally    : -796883555
Either revert the changes to the migration, or run repair to update the schema history.
Need more flexibility with validation rules? Learn more: https://rd.gt/3AbJUZE
	at org.springframework.beans.factory.support.AbstractBeanFactory.doGetBean(AbstractBeanFactory.java:328) ~[spring-beans-6.2.14.jar:6.2.14]
	at org.springframework.beans.factory.support.AbstractBeanFactory.getBean(AbstractBeanFactory.java:207) ~[spring-beans-6.2.14.jar:6.2.14]
	at org.springframework.context.support.AbstractApplicationContext.finishBeanFactoryInitialization(AbstractApplicationContext.java:973) ~[spring-context-6.2.14.jar:6.2.14]
	at org.springframework.context.support.AbstractApplicationContext.refresh(AbstractApplicationContext.java:627) ~[spring-context-6.2.14.jar:6.2.14]
	at org.springframework.boot.web.servlet.context.ServletWebServerApplicationContext.refresh(ServletWebServerApplicationContext.java:146) ~[spring-boot-3.5.8.jar:3.5.8]
	at org.springframework.boot.SpringApplication.refresh(SpringApplication.java:752) ~[spring-boot-3.5.8.jar:3.5.8]
	at org.springframework.boot.SpringApplication.refreshContext(SpringApplication.java:439) ~[spring-boot-3.5.8.jar:3.5.8]
	at org.springframework.boot.SpringApplication.run(SpringApplication.java:318) ~[spring-boot-3.5.8.jar:3.5.8]
	at org.springframework.boot.SpringApplication.run(SpringApplication.java:1361) ~[spring-boot-3.5.8.jar:3.5.8]
	at org.springframework.boot.SpringApplication.run(SpringApplication.java:1350) ~[spring-boot-3.5.8.jar:3.5.8]
	at com.homeexpress.home_express_api.HomeExpressApiApplication.main(HomeExpressApiApplication.java:10) ~[classes/:na]
	at java.base/jdk.internal.reflect.DirectMethodHandleAccessor.invoke(DirectMethodHandleAccessor.java:103) ~[na:na]
	at java.base/java.lang.reflect.Method.invoke(Method.java:580) ~[na:na]
	at org.springframework.boot.devtools.restart.RestartLauncher.run(RestartLauncher.java:50) ~[spring-boot-devtools-3.5.8.jar:3.5.8]
Caused by: org.springframework.beans.factory.BeanCreationException: Error creating bean with name 'flywayInitializer' defined in class path resource [org/springframework/boot/autoconfigure/flyway/FlywayAutoConfiguration$FlywayConfiguration.class]: Validate failed: Migrations have failed validation
Migration checksum mismatch for migration version 2
-> Applied to database : 461566837
-> Resolved locally    : -796883555
Either revert the changes to the migration, or run repair to update the schema history.
Need more flexibility with validation rules? Learn more: https://rd.gt/3AbJUZE
	at org.springframework.beans.factory.support.AbstractAutowireCapableBeanFactory.initializeBean(AbstractAutowireCapableBeanFactory.java:1826) ~[spring-beans-6.2.14.jar:6.2.14]
	at org.springframework.beans.factory.support.AbstractAutowireCapableBeanFactory.doCreateBean(AbstractAutowireCapableBeanFactory.java:607) ~[spring-beans-6.2.14.jar:6.2.14]
	at org.springframework.beans.factory.support.AbstractAutowireCapableBeanFactory.createBean(AbstractAutowireCapableBeanFactory.java:529) ~[spring-beans-6.2.14.jar:6.2.14]
	at org.springframework.beans.factory.support.AbstractBeanFactory.lambda$doGetBean$0(AbstractBeanFactory.java:339) ~[spring-beans-6.2.14.jar:6.2.14]
	at org.springframework.beans.factory.support.DefaultSingletonBeanRegistry.getSingleton(DefaultSingletonBeanRegistry.java:373) ~[spring-beans-6.2.14.jar:6.2.14]
	at org.springframework.beans.factory.support.AbstractBeanFactory.doGetBean(AbstractBeanFactory.java:337) ~[spring-beans-6.2.14.jar:6.2.14]
	at org.springframework.beans.factory.support.AbstractBeanFactory.getBean(AbstractBeanFactory.java:202) ~[spring-beans-6.2.14.jar:6.2.14]
	at org.springframework.beans.factory.support.AbstractBeanFactory.doGetBean(AbstractBeanFactory.java:315) ~[spring-beans-6.2.14.jar:6.2.14]
	... 13 common frames omitted
Caused by: org.flywaydb.core.api.exception.FlywayValidateException: Validate failed: Migrations have failed validation
Migration checksum mismatch for migration version 2
-> Applied to database : 461566837
-> Resolved locally    : -796883555
Either revert the changes to the migration, or run repair to update the schema history.
Need more flexibility with validation rules? Learn more: https://rd.gt/3AbJUZE
	at org.flywaydb.core.Flyway.lambda$migrate$1(Flyway.java:201) ~[flyway-core-11.7.2.jar:na]
	at org.flywaydb.core.FlywayExecutor.execute(FlywayExecutor.java:210) ~[flyway-core-11.7.2.jar:na]
	at org.flywaydb.core.Flyway.migrate(Flyway.java:188) ~[flyway-core-11.7.2.jar:na]
	at com.homeexpress.home_express_api.config.FlywayRepairConfiguration.lambda$0(FlywayRepairConfiguration.java:25) ~[classes/:na]
	at org.springframework.boot.autoconfigure.flyway.FlywayMigrationInitializer.afterPropertiesSet(FlywayMigrationInitializer.java:62) ~[spring-boot-autoconfigure-3.5.8.jar:3.5.8]
	at org.springframework.beans.factory.support.AbstractAutowireCapableBeanFactory.invokeInitMethods(AbstractAutowireCapableBeanFactory.java:1873) ~[spring-beans-6.2.14.jar:6.2.14]
	at org.springframework.beans.factory.support.AbstractAutowireCapableBeanFactory.initializeBean(AbstractAutowireCapableBeanFactory.java:1822) ~[spring-beans-6.2.14.jar:6.2.14]
	... 20 common frames omitted

2025-11-23T13:18:23.425+07:00  INFO 20280 --- [home-express-api] [restartedMain] c.h.h.HomeExpressApiApplication          : Starting HomeExpressApiApplication using Java 21.0.8 with PID 20280 (F:\home-express-project\home-express-api\target\classes started by quana in F:\home-express-project\home-express-api)
2025-11-23T13:18:23.427+07:00 DEBUG 20280 --- [home-express-api] [restartedMain] c.h.h.HomeExpressApiApplication          : Running with Spring Boot v3.5.8, Spring v6.2.14
2025-11-23T13:18:23.427+07:00  INFO 20280 --- [home-express-api] [restartedMain] c.h.h.HomeExpressApiApplication          : No active profile set, falling back to 1 default profile: "default"
2025-11-23T13:18:23.468+07:00  INFO 20280 --- [home-express-api] [restartedMain] .e.DevToolsPropertyDefaultsPostProcessor : Devtools property defaults active! Set 'spring.devtools.add-properties' to 'false' to disable
2025-11-23T13:18:23.469+07:00  INFO 20280 --- [home-express-api] [restartedMain] .e.DevToolsPropertyDefaultsPostProcessor : For additional web related logging consider setting the 'logging.level.web' property to 'DEBUG'
2025-11-23T13:18:24.778+07:00  INFO 20280 --- [home-express-api] [restartedMain] .s.d.r.c.RepositoryConfigurationDelegate : Multiple Spring Data modules found, entering strict repository configuration mode
2025-11-23T13:18:24.780+07:00  INFO 20280 --- [home-express-api] [restartedMain] .s.d.r.c.RepositoryConfigurationDelegate : Bootstrapping Spring Data JPA repositories in DEFAULT mode.
2025-11-23T13:18:25.025+07:00  INFO 20280 --- [home-express-api] [restartedMain] .s.d.r.c.RepositoryConfigurationDelegate : Finished Spring Data repository scanning in 236 ms. Found 46 JPA repository interfaces.
2025-11-23T13:18:25.925+07:00  INFO 20280 --- [home-express-api] [restartedMain] o.s.b.w.embedded.tomcat.TomcatWebServer  : Tomcat initialized with port 8084 (http)
2025-11-23T13:18:25.937+07:00  INFO 20280 --- [home-express-api] [restartedMain] o.apache.catalina.core.StandardService   : Starting service [Tomcat]
2025-11-23T13:18:25.937+07:00  INFO 20280 --- [home-express-api] [restartedMain] o.apache.catalina.core.StandardEngine    : Starting Servlet engine: [Apache Tomcat/10.1.49]
2025-11-23T13:18:25.986+07:00  INFO 20280 --- [home-express-api] [restartedMain] o.a.c.c.C.[Tomcat].[localhost].[/]       : Initializing Spring embedded WebApplicationContext
2025-11-23T13:18:25.987+07:00  INFO 20280 --- [home-express-api] [restartedMain] w.s.c.ServletWebServerApplicationContext : Root WebApplicationContext: initialization completed in 2518 ms
2025-11-23T13:18:26.262+07:00 DEBUG 20280 --- [home-express-api] [restartedMain] c.h.h.config.JwtAuthenticationFilter     : Filter 'jwtAuthenticationFilter' configured for use
2025-11-23T13:18:26.517+07:00  INFO 20280 --- [home-express-api] [restartedMain] com.zaxxer.hikari.HikariDataSource       : HikariPool-1 - Starting...
2025-11-23T13:18:26.653+07:00  INFO 20280 --- [home-express-api] [restartedMain] com.zaxxer.hikari.pool.HikariPool        : HikariPool-1 - Added connection com.mysql.cj.jdbc.ConnectionImpl@33415d4a
2025-11-23T13:18:26.654+07:00  INFO 20280 --- [home-express-api] [restartedMain] com.zaxxer.hikari.HikariDataSource       : HikariPool-1 - Start completed.
2025-11-23T13:18:26.694+07:00  INFO 20280 --- [home-express-api] [restartedMain] org.flywaydb.core.FlywayExecutor         : Database: jdbc:mysql://localhost:3306/home_express?useSSL=false&serverTimezone=Asia/Ho_Chi_Minh (MySQL 8.0)
2025-11-23T13:18:27.186+07:00  WARN 20280 --- [home-express-api] [restartedMain] ConfigServletWebServerApplicationContext : Exception encountered during context initialization - cancelling refresh attempt: org.springframework.beans.factory.BeanCreationException: Error creating bean with name 'entityManagerFactory' defined in class path resource [org/springframework/boot/autoconfigure/orm/jpa/HibernateJpaConfiguration.class]: Failed to initialize dependency 'flywayInitializer' of LoadTimeWeaverAware bean 'entityManagerFactory': Error creating bean with name 'flywayInitializer' defined in class path resource [org/springframework/boot/autoconfigure/flyway/FlywayAutoConfiguration$FlywayConfiguration.class]: Validate failed: Migrations have failed validation
Migration checksum mismatch for migration version 2
-> Applied to database : 461566837
-> Resolved locally    : -796883555
Either revert the changes to the migration, or run repair to update the schema history.
Need more flexibility with validation rules? Learn more: https://rd.gt/3AbJUZE
2025-11-23T13:18:27.187+07:00  INFO 20280 --- [home-express-api] [restartedMain] com.zaxxer.hikari.HikariDataSource       : HikariPool-1 - Shutdown initiated...
2025-11-23T13:18:27.192+07:00  INFO 20280 --- [home-express-api] [restartedMain] com.zaxxer.hikari.HikariDataSource       : HikariPool-1 - Shutdown completed.
2025-11-23T13:18:27.197+07:00  INFO 20280 --- [home-express-api] [restartedMain] o.apache.catalina.core.StandardService   : Stopping service [Tomcat]
2025-11-23T13:18:27.213+07:00  INFO 20280 --- [home-express-api] [restartedMain] .s.b.a.l.ConditionEvaluationReportLogger : 

Error starting ApplicationContext. To display the condition evaluation report re-run your application with 'debug' enabled.
2025-11-23T13:18:27.228+07:00 ERROR 20280 --- [home-express-api] [restartedMain] o.s.boot.SpringApplication               : Application run failed

org.springframework.beans.factory.BeanCreationException: Error creating bean with name 'entityManagerFactory' defined in class path resource [org/springframework/boot/autoconfigure/orm/jpa/HibernateJpaConfiguration.class]: Failed to initialize dependency 'flywayInitializer' of LoadTimeWeaverAware bean 'entityManagerFactory': Error creating bean with name 'flywayInitializer' defined in class path resource [org/springframework/boot/autoconfigure/flyway/FlywayAutoConfiguration$FlywayConfiguration.class]: Validate failed: Migrations have failed validation
Migration checksum mismatch for migration version 2
-> Applied to database : 461566837
-> Resolved locally    : -796883555
Either revert the changes to the migration, or run repair to update the schema history.
Need more flexibility with validation rules? Learn more: https://rd.gt/3AbJUZE
	at org.springframework.beans.factory.support.AbstractBeanFactory.doGetBean(AbstractBeanFactory.java:328) ~[spring-beans-6.2.14.jar:6.2.14]
	at org.springframework.beans.factory.support.AbstractBeanFactory.getBean(AbstractBeanFactory.java:207) ~[spring-beans-6.2.14.jar:6.2.14]
	at org.springframework.context.support.AbstractApplicationContext.finishBeanFactoryInitialization(AbstractApplicationContext.java:973) ~[spring-context-6.2.14.jar:6.2.14]
	at org.springframework.context.support.AbstractApplicationContext.refresh(AbstractApplicationContext.java:627) ~[spring-context-6.2.14.jar:6.2.14]
	at org.springframework.boot.web.servlet.context.ServletWebServerApplicationContext.refresh(ServletWebServerApplicationContext.java:146) ~[spring-boot-3.5.8.jar:3.5.8]
	at org.springframework.boot.SpringApplication.refresh(SpringApplication.java:752) ~[spring-boot-3.5.8.jar:3.5.8]
	at org.springframework.boot.SpringApplication.refreshContext(SpringApplication.java:439) ~[spring-boot-3.5.8.jar:3.5.8]
	at org.springframework.boot.SpringApplication.run(SpringApplication.java:318) ~[spring-boot-3.5.8.jar:3.5.8]
	at org.springframework.boot.SpringApplication.run(SpringApplication.java:1361) ~[spring-boot-3.5.8.jar:3.5.8]
	at org.springframework.boot.SpringApplication.run(SpringApplication.java:1350) ~[spring-boot-3.5.8.jar:3.5.8]
	at com.homeexpress.home_express_api.HomeExpressApiApplication.main(HomeExpressApiApplication.java:10) ~[classes/:na]
	at java.base/jdk.internal.reflect.DirectMethodHandleAccessor.invoke(DirectMethodHandleAccessor.java:103) ~[na:na]
	at java.base/java.lang.reflect.Method.invoke(Method.java:580) ~[na:na]
	at org.springframework.boot.devtools.restart.RestartLauncher.run(RestartLauncher.java:50) ~[spring-boot-devtools-3.5.8.jar:3.5.8]
Caused by: org.springframework.beans.factory.BeanCreationException: Error creating bean with name 'flywayInitializer' defined in class path resource [org/springframework/boot/autoconfigure/flyway/FlywayAutoConfiguration$FlywayConfiguration.class]: Validate failed: Migrations have failed validation
Migration checksum mismatch for migration version 2
-> Applied to database : 461566837
-> Resolved locally    : -796883555
Either revert the changes to the migration, or run repair to update the schema history.
Need more flexibility with validation rules? Learn more: https://rd.gt/3AbJUZE
	at org.springframework.beans.factory.support.AbstractAutowireCapableBeanFactory.initializeBean(AbstractAutowireCapableBeanFactory.java:1826) ~[spring-beans-6.2.14.jar:6.2.14]
	at org.springframework.beans.factory.support.AbstractAutowireCapableBeanFactory.doCreateBean(AbstractAutowireCapableBeanFactory.java:607) ~[spring-beans-6.2.14.jar:6.2.14]
	at org.springframework.beans.factory.support.AbstractAutowireCapableBeanFactory.createBean(AbstractAutowireCapableBeanFactory.java:529) ~[spring-beans-6.2.14.jar:6.2.14]
	at org.springframework.beans.factory.support.AbstractBeanFactory.lambda$doGetBean$0(AbstractBeanFactory.java:339) ~[spring-beans-6.2.14.jar:6.2.14]
	at org.springframework.beans.factory.support.DefaultSingletonBeanRegistry.getSingleton(DefaultSingletonBeanRegistry.java:373) ~[spring-beans-6.2.14.jar:6.2.14]
	at org.springframework.beans.factory.support.AbstractBeanFactory.doGetBean(AbstractBeanFactory.java:337) ~[spring-beans-6.2.14.jar:6.2.14]
	at org.springframework.beans.factory.support.AbstractBeanFactory.getBean(AbstractBeanFactory.java:202) ~[spring-beans-6.2.14.jar:6.2.14]
	at org.springframework.beans.factory.support.AbstractBeanFactory.doGetBean(AbstractBeanFactory.java:315) ~[spring-beans-6.2.14.jar:6.2.14]
	... 13 common frames omitted
Caused by: org.flywaydb.core.api.exception.FlywayValidateException: Validate failed: Migrations have failed validation
Migration checksum mismatch for migration version 2
-> Applied to database : 461566837
-> Resolved locally    : -796883555
Either revert the changes to the migration, or run repair to update the schema history.
Need more flexibility with validation rules? Learn more: https://rd.gt/3AbJUZE
	at org.flywaydb.core.Flyway.lambda$migrate$1(Flyway.java:201) ~[flyway-core-11.7.2.jar:na]
	at org.flywaydb.core.FlywayExecutor.execute(FlywayExecutor.java:210) ~[flyway-core-11.7.2.jar:na]
	at org.flywaydb.core.Flyway.migrate(Flyway.java:188) ~[flyway-core-11.7.2.jar:na]
	at com.homeexpress.home_express_api.config.FlywayRepairConfiguration.lambda$flywayMigrationStrategy$0(FlywayRepairConfiguration.java:25) ~[classes/:na]
	at org.springframework.boot.autoconfigure.flyway.FlywayMigrationInitializer.afterPropertiesSet(FlywayMigrationInitializer.java:62) ~[spring-boot-autoconfigure-3.5.8.jar:3.5.8]
	at org.springframework.beans.factory.support.AbstractAutowireCapableBeanFactory.invokeInitMethods(AbstractAutowireCapableBeanFactory.java:1873) ~[spring-beans-6.2.14.jar:6.2.14]
	at org.springframework.beans.factory.support.AbstractAutowireCapableBeanFactory.initializeBean(AbstractAutowireCapableBeanFactory.java:1822) ~[spring-beans-6.2.14.jar:6.2.14]
	... 20 common frames omitted

2025-11-23T13:24:12.591+07:00  INFO 13592 --- [home-express-api] [restartedMain] c.h.h.HomeExpressApiApplication          : Starting HomeExpressApiApplication using Java 21.0.8 with PID 13592 (F:\home-express-project\home-express-api\target\classes started by quana in F:\home-express-project\home-express-api)
2025-11-23T13:24:12.593+07:00 DEBUG 13592 --- [home-express-api] [restartedMain] c.h.h.HomeExpressApiApplication          : Running with Spring Boot v3.5.8, Spring v6.2.14
2025-11-23T13:24:12.593+07:00  INFO 13592 --- [home-express-api] [restartedMain] c.h.h.HomeExpressApiApplication          : No active profile set, falling back to 1 default profile: "default"
2025-11-23T13:24:12.628+07:00  INFO 13592 --- [home-express-api] [restartedMain] .e.DevToolsPropertyDefaultsPostProcessor : Devtools property defaults active! Set 'spring.devtools.add-properties' to 'false' to disable
2025-11-23T13:24:12.629+07:00  INFO 13592 --- [home-express-api] [restartedMain] .e.DevToolsPropertyDefaultsPostProcessor : For additional web related logging consider setting the 'logging.level.web' property to 'DEBUG'
2025-11-23T13:24:13.773+07:00  INFO 13592 --- [home-express-api] [restartedMain] .s.d.r.c.RepositoryConfigurationDelegate : Multiple Spring Data modules found, entering strict repository configuration mode
2025-11-23T13:24:13.775+07:00  INFO 13592 --- [home-express-api] [restartedMain] .s.d.r.c.RepositoryConfigurationDelegate : Bootstrapping Spring Data JPA repositories in DEFAULT mode.
2025-11-23T13:24:13.989+07:00  INFO 13592 --- [home-express-api] [restartedMain] .s.d.r.c.RepositoryConfigurationDelegate : Finished Spring Data repository scanning in 207 ms. Found 46 JPA repository interfaces.
2025-11-23T13:24:14.792+07:00  INFO 13592 --- [home-express-api] [restartedMain] o.s.b.w.embedded.tomcat.TomcatWebServer  : Tomcat initialized with port 8084 (http)
2025-11-23T13:24:14.804+07:00  INFO 13592 --- [home-express-api] [restartedMain] o.apache.catalina.core.StandardService   : Starting service [Tomcat]
2025-11-23T13:24:14.804+07:00  INFO 13592 --- [home-express-api] [restartedMain] o.apache.catalina.core.StandardEngine    : Starting Servlet engine: [Apache Tomcat/10.1.49]
2025-11-23T13:24:14.853+07:00  INFO 13592 --- [home-express-api] [restartedMain] o.a.c.c.C.[Tomcat].[localhost].[/]       : Initializing Spring embedded WebApplicationContext
2025-11-23T13:24:14.853+07:00  INFO 13592 --- [home-express-api] [restartedMain] w.s.c.ServletWebServerApplicationContext : Root WebApplicationContext: initialization completed in 2224 ms
2025-11-23T13:24:15.111+07:00 DEBUG 13592 --- [home-express-api] [restartedMain] c.h.h.config.JwtAuthenticationFilter     : Filter 'jwtAuthenticationFilter' configured for use
2025-11-23T13:24:15.355+07:00  INFO 13592 --- [home-express-api] [restartedMain] com.zaxxer.hikari.HikariDataSource       : HikariPool-1 - Starting...
2025-11-23T13:24:15.494+07:00  INFO 13592 --- [home-express-api] [restartedMain] com.zaxxer.hikari.pool.HikariPool        : HikariPool-1 - Added connection com.mysql.cj.jdbc.ConnectionImpl@1d2dc7d2
2025-11-23T13:24:15.495+07:00  INFO 13592 --- [home-express-api] [restartedMain] com.zaxxer.hikari.HikariDataSource       : HikariPool-1 - Start completed.
2025-11-23T13:24:15.547+07:00  INFO 13592 --- [home-express-api] [restartedMain] org.flywaydb.core.FlywayExecutor         : Database: jdbc:mysql://localhost:3306/home_express?useSSL=false&serverTimezone=Asia/Ho_Chi_Minh (MySQL 8.0)
2025-11-23T13:24:15.973+07:00  INFO 13592 --- [home-express-api] [restartedMain] o.f.c.i.s.JdbcTableSchemaHistory         : Schema history table `home_express`.`flyway_schema_history` does not exist yet
2025-11-23T13:24:15.978+07:00  INFO 13592 --- [home-express-api] [restartedMain] o.f.core.internal.command.DbValidate     : Successfully validated 4 migrations (execution time 00:00.026s)
2025-11-23T13:24:15.998+07:00  INFO 13592 --- [home-express-api] [restartedMain] org.flywaydb.core.Flyway                 : All configured schemas are empty; baseline operation skipped. A baseline or migration script with a lower version than the baseline version may execute if available. Check the Schemas parameter if this is not intended.
2025-11-23T13:24:16.005+07:00  INFO 13592 --- [home-express-api] [restartedMain] o.f.c.i.s.JdbcTableSchemaHistory         : Creating Schema History table `home_express`.`flyway_schema_history` ...
2025-11-23T13:24:16.135+07:00  INFO 13592 --- [home-express-api] [restartedMain] o.f.core.internal.command.DbMigrate      : Current version of schema `home_express`: << Empty Schema >>
2025-11-23T13:24:16.135+07:00  WARN 13592 --- [home-express-api] [restartedMain] o.f.core.internal.command.DbMigrate      : outOfOrder mode is active. Migration of schema `home_express` may not be reproducible.
2025-11-23T13:24:16.157+07:00  INFO 13592 --- [home-express-api] [restartedMain] o.f.core.internal.command.DbMigrate      : Migrating schema `home_express` to version "1 - Initial Schema"
2025-11-23T13:24:16.550+07:00  WARN 13592 --- [home-express-api] [restartedMain] o.f.c.i.s.DefaultSqlScriptExecutor       : DB: Integer display width is deprecated and will be removed in a future release. (SQL State: HY000 - Error Code: 1681)
2025-11-23T13:24:16.550+07:00  WARN 13592 --- [home-express-api] [restartedMain] o.f.c.i.s.DefaultSqlScriptExecutor       : DB: Integer display width is deprecated and will be removed in a future release. (SQL State: HY000 - Error Code: 1681)
2025-11-23T13:24:16.550+07:00  WARN 13592 --- [home-express-api] [restartedMain] o.f.c.i.s.DefaultSqlScriptExecutor       : DB: Integer display width is deprecated and will be removed in a future release. (SQL State: HY000 - Error Code: 1681)
2025-11-23T13:24:17.136+07:00  INFO 13592 --- [home-express-api] [restartedMain] o.f.core.internal.command.DbMigrate      : Migrating schema `home_express` to version "2 - Seed Locations"
2025-11-23T13:24:17.147+07:00 ERROR 13592 --- [home-express-api] [restartedMain] o.f.core.internal.command.DbMigrate      : Migration of schema `home_express` to version "2 - Seed Locations" failed! Please restore backups and roll back database and code!
2025-11-23T13:24:17.171+07:00  WARN 13592 --- [home-express-api] [restartedMain] ConfigServletWebServerApplicationContext : Exception encountered during context initialization - cancelling refresh attempt: org.springframework.beans.factory.BeanCreationException: Error creating bean with name 'entityManagerFactory' defined in class path resource [org/springframework/boot/autoconfigure/orm/jpa/HibernateJpaConfiguration.class]: Failed to initialize dependency 'flywayInitializer' of LoadTimeWeaverAware bean 'entityManagerFactory': Error creating bean with name 'flywayInitializer' defined in class path resource [org/springframework/boot/autoconfigure/flyway/FlywayAutoConfiguration$FlywayConfiguration.class]: Script V2__Seed_Locations.sql failed
------------------------------------
SQL State  : 42S02
Error Code : 1146
Message    : Table 'home_express.provinces' doesn't exist
Location   : db/migration/V2__Seed_Locations.sql (F:\home-express-project\home-express-api\target\classes\db\migration\V2__Seed_Locations.sql)
Line       : 6
Statement  : Run Flyway with -X option to see the actual statement causing the problem

2025-11-23T13:24:17.171+07:00  INFO 13592 --- [home-express-api] [restartedMain] com.zaxxer.hikari.HikariDataSource       : HikariPool-1 - Shutdown initiated...
2025-11-23T13:24:17.177+07:00  INFO 13592 --- [home-express-api] [restartedMain] com.zaxxer.hikari.HikariDataSource       : HikariPool-1 - Shutdown completed.
2025-11-23T13:24:17.182+07:00  INFO 13592 --- [home-express-api] [restartedMain] o.apache.catalina.core.StandardService   : Stopping service [Tomcat]
2025-11-23T13:24:17.196+07:00  INFO 13592 --- [home-express-api] [restartedMain] .s.b.a.l.ConditionEvaluationReportLogger : 

Error starting ApplicationContext. To display the condition evaluation report re-run your application with 'debug' enabled.
2025-11-23T13:24:17.212+07:00 ERROR 13592 --- [home-express-api] [restartedMain] o.s.boot.SpringApplication               : Application run failed

org.springframework.beans.factory.BeanCreationException: Error creating bean with name 'entityManagerFactory' defined in class path resource [org/springframework/boot/autoconfigure/orm/jpa/HibernateJpaConfiguration.class]: Failed to initialize dependency 'flywayInitializer' of LoadTimeWeaverAware bean 'entityManagerFactory': Error creating bean with name 'flywayInitializer' defined in class path resource [org/springframework/boot/autoconfigure/flyway/FlywayAutoConfiguration$FlywayConfiguration.class]: Script V2__Seed_Locations.sql failed
------------------------------------
SQL State  : 42S02
Error Code : 1146
Message    : Table 'home_express.provinces' doesn't exist
Location   : db/migration/V2__Seed_Locations.sql (F:\home-express-project\home-express-api\target\classes\db\migration\V2__Seed_Locations.sql)
Line       : 6
Statement  : Run Flyway with -X option to see the actual statement causing the problem

	at org.springframework.beans.factory.support.AbstractBeanFactory.doGetBean(AbstractBeanFactory.java:328) ~[spring-beans-6.2.14.jar:6.2.14]
	at org.springframework.beans.factory.support.AbstractBeanFactory.getBean(AbstractBeanFactory.java:207) ~[spring-beans-6.2.14.jar:6.2.14]
	at org.springframework.context.support.AbstractApplicationContext.finishBeanFactoryInitialization(AbstractApplicationContext.java:973) ~[spring-context-6.2.14.jar:6.2.14]
	at org.springframework.context.support.AbstractApplicationContext.refresh(AbstractApplicationContext.java:627) ~[spring-context-6.2.14.jar:6.2.14]
	at org.springframework.boot.web.servlet.context.ServletWebServerApplicationContext.refresh(ServletWebServerApplicationContext.java:146) ~[spring-boot-3.5.8.jar:3.5.8]
	at org.springframework.boot.SpringApplication.refresh(SpringApplication.java:752) ~[spring-boot-3.5.8.jar:3.5.8]
	at org.springframework.boot.SpringApplication.refreshContext(SpringApplication.java:439) ~[spring-boot-3.5.8.jar:3.5.8]
	at org.springframework.boot.SpringApplication.run(SpringApplication.java:318) ~[spring-boot-3.5.8.jar:3.5.8]
	at org.springframework.boot.SpringApplication.run(SpringApplication.java:1361) ~[spring-boot-3.5.8.jar:3.5.8]
	at org.springframework.boot.SpringApplication.run(SpringApplication.java:1350) ~[spring-boot-3.5.8.jar:3.5.8]
	at com.homeexpress.home_express_api.HomeExpressApiApplication.main(HomeExpressApiApplication.java:10) ~[classes/:na]
	at java.base/jdk.internal.reflect.DirectMethodHandleAccessor.invoke(DirectMethodHandleAccessor.java:103) ~[na:na]
	at java.base/java.lang.reflect.Method.invoke(Method.java:580) ~[na:na]
	at org.springframework.boot.devtools.restart.RestartLauncher.run(RestartLauncher.java:50) ~[spring-boot-devtools-3.5.8.jar:3.5.8]
Caused by: org.springframework.beans.factory.BeanCreationException: Error creating bean with name 'flywayInitializer' defined in class path resource [org/springframework/boot/autoconfigure/flyway/FlywayAutoConfiguration$FlywayConfiguration.class]: Script V2__Seed_Locations.sql failed
------------------------------------
SQL State  : 42S02
Error Code : 1146
Message    : Table 'home_express.provinces' doesn't exist
Location   : db/migration/V2__Seed_Locations.sql (F:\home-express-project\home-express-api\target\classes\db\migration\V2__Seed_Locations.sql)
Line       : 6
Statement  : Run Flyway with -X option to see the actual statement causing the problem

	at org.springframework.beans.factory.support.AbstractAutowireCapableBeanFactory.initializeBean(AbstractAutowireCapableBeanFactory.java:1826) ~[spring-beans-6.2.14.jar:6.2.14]
	at org.springframework.beans.factory.support.AbstractAutowireCapableBeanFactory.doCreateBean(AbstractAutowireCapableBeanFactory.java:607) ~[spring-beans-6.2.14.jar:6.2.14]
	at org.springframework.beans.factory.support.AbstractAutowireCapableBeanFactory.createBean(AbstractAutowireCapableBeanFactory.java:529) ~[spring-beans-6.2.14.jar:6.2.14]
	at org.springframework.beans.factory.support.AbstractBeanFactory.lambda$doGetBean$0(AbstractBeanFactory.java:339) ~[spring-beans-6.2.14.jar:6.2.14]
	at org.springframework.beans.factory.support.DefaultSingletonBeanRegistry.getSingleton(DefaultSingletonBeanRegistry.java:373) ~[spring-beans-6.2.14.jar:6.2.14]
	at org.springframework.beans.factory.support.AbstractBeanFactory.doGetBean(AbstractBeanFactory.java:337) ~[spring-beans-6.2.14.jar:6.2.14]
	at org.springframework.beans.factory.support.AbstractBeanFactory.getBean(AbstractBeanFactory.java:202) ~[spring-beans-6.2.14.jar:6.2.14]
	at org.springframework.beans.factory.support.AbstractBeanFactory.doGetBean(AbstractBeanFactory.java:315) ~[spring-beans-6.2.14.jar:6.2.14]
	... 13 common frames omitted
Caused by: org.flywaydb.core.internal.exception.FlywayMigrateException: Script V2__Seed_Locations.sql failed
------------------------------------
SQL State  : 42S02
Error Code : 1146
Message    : Table 'home_express.provinces' doesn't exist
Location   : db/migration/V2__Seed_Locations.sql (F:\home-express-project\home-express-api\target\classes\db\migration\V2__Seed_Locations.sql)
Line       : 6
Statement  : Run Flyway with -X option to see the actual statement causing the problem

	at org.flywaydb.core.internal.command.DbMigrate.doMigrateGroup(DbMigrate.java:399) ~[flyway-core-11.7.2.jar:na]
	at org.flywaydb.core.internal.command.DbMigrate.lambda$applyMigrations$1(DbMigrate.java:283) ~[flyway-core-11.7.2.jar:na]
	at org.flywaydb.core.internal.jdbc.TransactionalExecutionTemplate.execute(TransactionalExecutionTemplate.java:59) ~[flyway-core-11.7.2.jar:na]
	at org.flywaydb.core.internal.command.DbMigrate.applyMigrations(DbMigrate.java:282) ~[flyway-core-11.7.2.jar:na]
	at org.flywaydb.core.internal.command.DbMigrate.migrateGroup(DbMigrate.java:255) ~[flyway-core-11.7.2.jar:na]
	at org.flywaydb.core.internal.command.DbMigrate.lambda$migrateAll$0(DbMigrate.java:153) ~[flyway-core-11.7.2.jar:na]
	at org.flywaydb.database.mysql.MySQLNamedLockTemplate.execute(MySQLNamedLockTemplate.java:62) ~[flyway-mysql-11.7.2.jar:na]
	at org.flywaydb.database.mysql.MySQLConnection.lock(MySQLConnection.java:159) ~[flyway-mysql-11.7.2.jar:na]
	at org.flywaydb.core.internal.schemahistory.JdbcTableSchemaHistory.lock(JdbcTableSchemaHistory.java:164) ~[flyway-core-11.7.2.jar:na]
	at org.flywaydb.core.internal.command.DbMigrate.migrateAll(DbMigrate.java:153) ~[flyway-core-11.7.2.jar:na]
	at org.flywaydb.core.internal.command.DbMigrate.migrate(DbMigrate.java:104) ~[flyway-core-11.7.2.jar:na]
	at org.flywaydb.core.Flyway.lambda$migrate$1(Flyway.java:247) ~[flyway-core-11.7.2.jar:na]
	at org.flywaydb.core.FlywayExecutor.execute(FlywayExecutor.java:210) ~[flyway-core-11.7.2.jar:na]
	at org.flywaydb.core.Flyway.migrate(Flyway.java:188) ~[flyway-core-11.7.2.jar:na]
	at com.homeexpress.home_express_api.config.FlywayRepairConfiguration.lambda$flywayMigrationStrategy$0(FlywayRepairConfiguration.java:25) ~[classes/:na]
	at org.springframework.boot.autoconfigure.flyway.FlywayMigrationInitializer.afterPropertiesSet(FlywayMigrationInitializer.java:62) ~[spring-boot-autoconfigure-3.5.8.jar:3.5.8]
	at org.springframework.beans.factory.support.AbstractAutowireCapableBeanFactory.invokeInitMethods(AbstractAutowireCapableBeanFactory.java:1873) ~[spring-beans-6.2.14.jar:6.2.14]
	at org.springframework.beans.factory.support.AbstractAutowireCapableBeanFactory.initializeBean(AbstractAutowireCapableBeanFactory.java:1822) ~[spring-beans-6.2.14.jar:6.2.14]
	... 20 common frames omitted
Caused by: org.flywaydb.core.internal.sqlscript.FlywaySqlScriptException: Script V2__Seed_Locations.sql failed
------------------------------------
SQL State  : 42S02
Error Code : 1146
Message    : Table 'home_express.provinces' doesn't exist
Location   : db/migration/V2__Seed_Locations.sql (F:\home-express-project\home-express-api\target\classes\db\migration\V2__Seed_Locations.sql)
Line       : 6
Statement  : Run Flyway with -X option to see the actual statement causing the problem

	at org.flywaydb.core.internal.sqlscript.DefaultSqlScriptExecutor.handleException(DefaultSqlScriptExecutor.java:256) ~[flyway-core-11.7.2.jar:na]
	at org.flywaydb.core.internal.sqlscript.DefaultSqlScriptExecutor.executeStatement(DefaultSqlScriptExecutor.java:217) ~[flyway-core-11.7.2.jar:na]
	at org.flywaydb.core.internal.sqlscript.DefaultSqlScriptExecutor.execute(DefaultSqlScriptExecutor.java:137) ~[flyway-core-11.7.2.jar:na]
	at org.flywaydb.core.internal.resolver.sql.SqlMigrationExecutor.executeOnce(SqlMigrationExecutor.java:75) ~[flyway-core-11.7.2.jar:na]
	at org.flywaydb.core.internal.resolver.sql.SqlMigrationExecutor.lambda$execute$0(SqlMigrationExecutor.java:66) ~[flyway-core-11.7.2.jar:na]
	at org.flywaydb.core.internal.database.DefaultExecutionStrategy.execute(DefaultExecutionStrategy.java:31) ~[flyway-core-11.7.2.jar:na]
	at org.flywaydb.core.internal.resolver.sql.SqlMigrationExecutor.execute(SqlMigrationExecutor.java:65) ~[flyway-core-11.7.2.jar:na]
	at org.flywaydb.core.internal.command.DbMigrate.doMigrateGroup(DbMigrate.java:391) ~[flyway-core-11.7.2.jar:na]
	... 37 common frames omitted
Caused by: java.sql.SQLSyntaxErrorException: Table 'home_express.provinces' doesn't exist
	at com.mysql.cj.jdbc.exceptions.SQLError.createSQLException(SQLError.java:112) ~[mysql-connector-j-9.5.0.jar:9.5.0]
	at com.mysql.cj.jdbc.exceptions.SQLExceptionsMapping.translateException(SQLExceptionsMapping.java:114) ~[mysql-connector-j-9.5.0.jar:9.5.0]
	at com.mysql.cj.jdbc.StatementImpl.executeInternal(StatementImpl.java:837) ~[mysql-connector-j-9.5.0.jar:9.5.0]
	at com.mysql.cj.jdbc.StatementImpl.execute(StatementImpl.java:685) ~[mysql-connector-j-9.5.0.jar:9.5.0]
	at com.zaxxer.hikari.pool.ProxyStatement.execute(ProxyStatement.java:95) ~[HikariCP-6.3.3.jar:na]
	at com.zaxxer.hikari.pool.HikariProxyStatement.execute(HikariProxyStatement.java) ~[HikariCP-6.3.3.jar:na]
	at org.flywaydb.core.internal.jdbc.JdbcTemplate.executeStatement(JdbcTemplate.java:215) ~[flyway-core-11.7.2.jar:na]
	at org.flywaydb.core.internal.sqlscript.ParsedSqlStatement.execute(ParsedSqlStatement.java:88) ~[flyway-core-11.7.2.jar:na]
	at org.flywaydb.core.internal.sqlscript.DefaultSqlScriptExecutor.executeStatement(DefaultSqlScriptExecutor.java:212) ~[flyway-core-11.7.2.jar:na]
	... 43 common frames omitted

2025-11-23T13:34:40.028+07:00  INFO 36172 --- [home-express-api] [restartedMain] c.h.h.HomeExpressApiApplication          : Starting HomeExpressApiApplication using Java 21.0.8 with PID 36172 (F:\home-express-project\home-express-api\target\classes started by quana in F:\home-express-project\home-express-api)
2025-11-23T13:34:40.030+07:00 DEBUG 36172 --- [home-express-api] [restartedMain] c.h.h.HomeExpressApiApplication          : Running with Spring Boot v3.5.8, Spring v6.2.14
2025-11-23T13:34:40.031+07:00  INFO 36172 --- [home-express-api] [restartedMain] c.h.h.HomeExpressApiApplication          : No active profile set, falling back to 1 default profile: "default"
2025-11-23T13:34:40.068+07:00  INFO 36172 --- [home-express-api] [restartedMain] .e.DevToolsPropertyDefaultsPostProcessor : Devtools property defaults active! Set 'spring.devtools.add-properties' to 'false' to disable
2025-11-23T13:34:40.069+07:00  INFO 36172 --- [home-express-api] [restartedMain] .e.DevToolsPropertyDefaultsPostProcessor : For additional web related logging consider setting the 'logging.level.web' property to 'DEBUG'
2025-11-23T13:34:41.357+07:00  INFO 36172 --- [home-express-api] [restartedMain] .s.d.r.c.RepositoryConfigurationDelegate : Multiple Spring Data modules found, entering strict repository configuration mode
2025-11-23T13:34:41.359+07:00  INFO 36172 --- [home-express-api] [restartedMain] .s.d.r.c.RepositoryConfigurationDelegate : Bootstrapping Spring Data JPA repositories in DEFAULT mode.
2025-11-23T13:34:41.582+07:00  INFO 36172 --- [home-express-api] [restartedMain] .s.d.r.c.RepositoryConfigurationDelegate : Finished Spring Data repository scanning in 215 ms. Found 46 JPA repository interfaces.
2025-11-23T13:34:42.510+07:00  INFO 36172 --- [home-express-api] [restartedMain] o.s.b.w.embedded.tomcat.TomcatWebServer  : Tomcat initialized with port 8084 (http)
2025-11-23T13:34:42.522+07:00  INFO 36172 --- [home-express-api] [restartedMain] o.apache.catalina.core.StandardService   : Starting service [Tomcat]
2025-11-23T13:34:42.523+07:00  INFO 36172 --- [home-express-api] [restartedMain] o.apache.catalina.core.StandardEngine    : Starting Servlet engine: [Apache Tomcat/10.1.49]
2025-11-23T13:34:42.575+07:00  INFO 36172 --- [home-express-api] [restartedMain] o.a.c.c.C.[Tomcat].[localhost].[/]       : Initializing Spring embedded WebApplicationContext
2025-11-23T13:34:42.575+07:00  INFO 36172 --- [home-express-api] [restartedMain] w.s.c.ServletWebServerApplicationContext : Root WebApplicationContext: initialization completed in 2505 ms
2025-11-23T13:34:42.845+07:00 DEBUG 36172 --- [home-express-api] [restartedMain] c.h.h.config.JwtAuthenticationFilter     : Filter 'jwtAuthenticationFilter' configured for use
2025-11-23T13:34:43.095+07:00  INFO 36172 --- [home-express-api] [restartedMain] com.zaxxer.hikari.HikariDataSource       : HikariPool-1 - Starting...
2025-11-23T13:34:43.237+07:00  INFO 36172 --- [home-express-api] [restartedMain] com.zaxxer.hikari.pool.HikariPool        : HikariPool-1 - Added connection com.mysql.cj.jdbc.ConnectionImpl@228761e9
2025-11-23T13:34:43.239+07:00  INFO 36172 --- [home-express-api] [restartedMain] com.zaxxer.hikari.HikariDataSource       : HikariPool-1 - Start completed.
2025-11-23T13:34:43.283+07:00  INFO 36172 --- [home-express-api] [restartedMain] org.flywaydb.core.FlywayExecutor         : Database: jdbc:mysql://localhost:3306/home_express?useSSL=false&serverTimezone=Asia/Ho_Chi_Minh (MySQL 8.0)
2025-11-23T13:34:43.713+07:00  INFO 36172 --- [home-express-api] [restartedMain] o.f.c.i.s.JdbcTableSchemaHistory         : Schema history table `home_express`.`flyway_schema_history` does not exist yet
2025-11-23T13:34:43.718+07:00  INFO 36172 --- [home-express-api] [restartedMain] o.f.core.internal.command.DbValidate     : Successfully validated 4 migrations (execution time 00:00.028s)
2025-11-23T13:34:43.742+07:00  INFO 36172 --- [home-express-api] [restartedMain] org.flywaydb.core.Flyway                 : All configured schemas are empty; baseline operation skipped. A baseline or migration script with a lower version than the baseline version may execute if available. Check the Schemas parameter if this is not intended.
2025-11-23T13:34:43.747+07:00  INFO 36172 --- [home-express-api] [restartedMain] o.f.c.i.s.JdbcTableSchemaHistory         : Creating Schema History table `home_express`.`flyway_schema_history` ...
2025-11-23T13:34:43.845+07:00  INFO 36172 --- [home-express-api] [restartedMain] o.f.core.internal.command.DbMigrate      : Current version of schema `home_express`: << Empty Schema >>
2025-11-23T13:34:43.845+07:00  WARN 36172 --- [home-express-api] [restartedMain] o.f.core.internal.command.DbMigrate      : outOfOrder mode is active. Migration of schema `home_express` may not be reproducible.
2025-11-23T13:34:43.867+07:00  INFO 36172 --- [home-express-api] [restartedMain] o.f.core.internal.command.DbMigrate      : Migrating schema `home_express` to version "1 - Initial Schema"
2025-11-23T13:34:44.271+07:00  WARN 36172 --- [home-express-api] [restartedMain] o.f.c.i.s.DefaultSqlScriptExecutor       : DB: Integer display width is deprecated and will be removed in a future release. (SQL State: HY000 - Error Code: 1681)
2025-11-23T13:34:44.272+07:00  WARN 36172 --- [home-express-api] [restartedMain] o.f.c.i.s.DefaultSqlScriptExecutor       : DB: Integer display width is deprecated and will be removed in a future release. (SQL State: HY000 - Error Code: 1681)
2025-11-23T13:34:44.272+07:00  WARN 36172 --- [home-express-api] [restartedMain] o.f.c.i.s.DefaultSqlScriptExecutor       : DB: Integer display width is deprecated and will be removed in a future release. (SQL State: HY000 - Error Code: 1681)
2025-11-23T13:34:44.821+07:00  INFO 36172 --- [home-express-api] [restartedMain] o.f.core.internal.command.DbMigrate      : Migrating schema `home_express` to version "2 - Seed Locations"
2025-11-23T13:34:45.150+07:00  INFO 36172 --- [home-express-api] [restartedMain] o.f.core.internal.command.DbMigrate      : Migrating schema `home_express` to version "3 - Create Saved Items Table"
2025-11-23T13:34:45.232+07:00  INFO 36172 --- [home-express-api] [restartedMain] o.f.core.internal.command.DbMigrate      : Migrating schema `home_express` to version "4 - Create Product Models Table"
2025-11-23T13:34:45.311+07:00  INFO 36172 --- [home-express-api] [restartedMain] o.f.core.internal.command.DbMigrate      : Successfully applied 4 migrations to schema `home_express`, now at version v4 (execution time 00:01.213s)
2025-11-23T13:34:45.437+07:00  INFO 36172 --- [home-express-api] [restartedMain] o.hibernate.jpa.internal.util.LogHelper  : HHH000204: Processing PersistenceUnitInfo [name: default]
2025-11-23T13:34:45.477+07:00  INFO 36172 --- [home-express-api] [restartedMain] org.hibernate.Version                    : HHH000412: Hibernate ORM core version 6.6.36.Final
2025-11-23T13:34:45.502+07:00  INFO 36172 --- [home-express-api] [restartedMain] o.h.c.internal.RegionFactoryInitiator    : HHH000026: Second-level cache disabled
2025-11-23T13:34:45.702+07:00  INFO 36172 --- [home-express-api] [restartedMain] o.s.o.j.p.SpringPersistenceUnitInfo      : No LoadTimeWeaver setup: ignoring JPA class transformer
2025-11-23T13:34:45.769+07:00  INFO 36172 --- [home-express-api] [restartedMain] org.hibernate.orm.connections.pooling    : HHH10001005: Database info:
	Database JDBC URL [Connecting through datasource 'HikariDataSource (HikariPool-1)']
	Database driver: undefined/unknown
	Database version: 8.0.43
	Autocommit mode: undefined/unknown
	Isolation level: undefined/unknown
	Minimum pool size: undefined/unknown
	Maximum pool size: undefined/unknown
2025-11-23T13:34:47.107+07:00  INFO 36172 --- [home-express-api] [restartedMain] o.h.e.t.j.p.i.JtaPlatformInitiator       : HHH000489: No JTA platform available (set 'hibernate.transaction.jta.platform' to enable JTA platform integration)
2025-11-23T13:34:47.117+07:00  INFO 36172 --- [home-express-api] [restartedMain] j.LocalContainerEntityManagerFactoryBean : Initialized JPA EntityManagerFactory for persistence unit 'default'
2025-11-23T13:34:47.564+07:00  INFO 36172 --- [home-express-api] [restartedMain] o.s.d.j.r.query.QueryEnhancerFactory     : Hibernate is in classpath; If applicable, HQL parser will be used.
2025-11-23T13:34:51.286+07:00  INFO 36172 --- [home-express-api] [restartedMain] c.h.h.service.EncryptionService          : Encryption service initialized with AES-256-GCM
2025-11-23T13:34:51.975+07:00  INFO 36172 --- [home-express-api] [restartedMain] o.s.b.a.e.web.EndpointLinksResolver      : Exposing 1 endpoint beneath base path '/actuator'
2025-11-23T13:34:52.046+07:00  INFO 36172 --- [home-express-api] [restartedMain] r$InitializeUserDetailsManagerConfigurer : Global AuthenticationManager configured with UserDetailsService bean with name inMemoryUserDetailsManager
2025-11-23T13:34:52.195+07:00 DEBUG 36172 --- [home-express-api] [restartedMain] o.s.s.web.DefaultSecurityFilterChain     : Will secure any request with filters: DisableEncodeUrlFilter, WebAsyncManagerIntegrationFilter, SecurityContextHolderFilter, HeaderWriterFilter, CorsFilter, LogoutFilter, JwtAuthenticationFilter, RequestCacheAwareFilter, SecurityContextHolderAwareRequestFilter, AnonymousAuthenticationFilter, ExceptionTranslationFilter, AuthorizationFilter
2025-11-23T13:34:53.462+07:00  INFO 36172 --- [home-express-api] [restartedMain] o.s.b.d.a.OptionalLiveReloadServer       : LiveReload server is running on port 35729
2025-11-23T13:34:53.549+07:00  INFO 36172 --- [home-express-api] [restartedMain] o.s.b.w.embedded.tomcat.TomcatWebServer  : Tomcat started on port 8084 (http) with context path '/'
2025-11-23T13:34:53.562+07:00  INFO 36172 --- [home-express-api] [restartedMain] c.h.h.HomeExpressApiApplication          : Started HomeExpressApiApplication in 13.957 seconds (process running for 14.366)
2025-11-23T13:34:53.617+07:00  WARN 36172 --- [home-express-api] [restartedMain] o.s.core.events.SpringDocAppInitializer  : SpringDoc /v3/api-docs endpoint is enabled by default. To disable it in production, set the property 'springdoc.api-docs.enabled=false'
2025-11-23T13:34:53.617+07:00  WARN 36172 --- [home-express-api] [restartedMain] o.s.core.events.SpringDocAppInitializer  : SpringDoc /swagger-ui.html endpoint is enabled by default. To disable it in production, set the property 'springdoc.swagger-ui.enabled=false'
